<?xml version="1.0" encoding="UTF-8"?>
<!-- Generated by org.testng.reporters.JUnitReportReporter -->
<testsuite skipped="0" hostname="sirius-PC" name="Test.NewTest1" tests="2" failures="0" timestamp="08 Jan 2019 06:55:54 GMT" time="0.014" errors="0">
  <testcase name="f" time="0.005" classname="Test.NewTest1"/>
  <testcase name="f1" time="0.009" classname="Test.NewTest1"/>
</testsuite> <!-- Test.NewTest1 -->
