<?xml version="1.0" encoding="UTF-8"?>
<!-- Generated by org.testng.reporters.JUnitReportReporter -->
<testsuite skipped="0" hostname="sirius-PC" name="NewTest" tests="2" failures="0" timestamp="08 Jan 2019 06:43:03 GMT" time="0.019" errors="0">
  <testcase name="f" time="0.014" classname="NewTest"/>
  <testcase name="f1" time="0.005" classname="NewTest"/>
</testsuite> <!-- NewTest -->
