<?xml version="1.0" encoding="UTF-8"?>
<!-- Generated by org.testng.reporters.JUnitReportReporter -->
<testsuite skipped="0" hostname="sirius-PC" name="Test.NewTest" tests="2" failures="0" timestamp="08 Jan 2019 06:55:54 GMT" time="0.030" errors="0">
  <testcase name="f1" time="0.007" classname="Test.NewTest"/>
  <testcase name="f" time="0.023" classname="Test.NewTest"/>
</testsuite> <!-- Test.NewTest -->
